2025-03-24 07:21:30,714 - INFO - Fetching new penguin data from API...
2025-03-24 07:21:31,018 - INFO - Processing new penguin measurements - Bill length: 42.589171842727794mm, Bill depth: 16.153400750139337mm, Flipper length: 179.69861861784906mm, Body mass: 3864.4108543520533g
2025-03-24 07:21:31,018 - INFO - Loading penguin classification model...
2025-03-24 07:21:31,236 - INFO - Making prediction...
2025-03-24 07:21:31,250 - INFO - Prediction complete: Chinstrap with 57.00% confidence
2025-03-24 07:21:31,250 - INFO - Inserting new penguin data into database...
2025-03-24 07:21:31,257 - INFO - === New Penguin Added to Database ===
2025-03-24 07:21:31,257 - INFO - Measurements: Bill Length: 42.589171842727794mm, Bill Depth: 16.153400750139337mm, Flipper Length: 179.69861861784906mm, Body Mass: 3864.4108543520533g
2025-03-24 07:21:31,257 - INFO - Predicted Species: Chinstrap (Confidence: 57.00%)
2025-03-24 07:21:31,257 - INFO - Database Status: Successfully added with is_original = 1
2025-03-24 11:43:34,574 - INFO - Fetching new penguin data from API...
2025-03-24 11:43:34,834 - INFO - Skipping: A penguin with this datetime already exists in the database.
2025-03-24 11:44:23,741 - INFO - Fetching new penguin data from API...
2025-03-24 11:44:23,749 - INFO - Processing new penguin measurements - Bill length: 42.589171842727794mm, Bill depth: 16.153400750139337mm, Flipper length: 179.69861861784906mm, Body mass: 3864.4108543520533g
2025-03-24 11:44:23,749 - INFO - Loading penguin classification model...
2025-03-24 11:44:23,750 - ERROR - An unexpected error occurred: [Errno 2] No such file or directory: 'best_penguin_model.joblib'
2025-03-24 11:44:45,846 - INFO - Fetching new penguin data from API...
2025-03-24 11:44:45,855 - INFO - Processing new penguin measurements - Bill length: 42.589171842727794mm, Bill depth: 16.153400750139337mm, Flipper length: 179.69861861784906mm, Body mass: 3864.4108543520533g
2025-03-24 11:44:45,855 - INFO - Loading penguin classification model...
2025-03-24 11:44:45,856 - ERROR - An unexpected error occurred: [Errno 2] No such file or directory: 'best_penguin_model.joblib'
2025-03-24 11:47:04,688 - INFO - Fetching new penguin data from API...
2025-03-24 11:47:04,715 - INFO - Processing new penguin measurements - Bill length: 42.589171842727794mm, Bill depth: 16.153400750139337mm, Flipper length: 179.69861861784906mm, Body mass: 3864.4108543520533g
2025-03-24 11:47:04,715 - INFO - Loading penguin classification model...
2025-03-24 11:47:06,153 - INFO - Making prediction...
2025-03-24 11:47:06,163 - INFO - Prediction complete: Chinstrap with 57.00% confidence
2025-03-24 11:47:06,163 - INFO - Inserting new penguin data into database...
2025-03-24 11:47:06,164 - ERROR - Database error: table penguins has no column named confidence
2025-03-24 11:55:18,306 - INFO - Fetching new penguin data from API...
2025-03-24 11:55:18,314 - INFO - Processing new penguin measurements - Bill length: 42.589171842727794mm, Bill depth: 16.153400750139337mm, Flipper length: 179.69861861784906mm, Body mass: 3864.4108543520533g
2025-03-24 11:55:18,315 - INFO - Loading penguin classification model...
2025-03-24 11:55:18,688 - INFO - Making prediction...
2025-03-24 11:55:18,697 - INFO - Prediction complete: Chinstrap with 57.00% confidence
2025-03-24 11:55:18,698 - INFO - Inserting new penguin data into database...
2025-03-24 11:55:18,701 - INFO - === New Penguin Added to Database ===
2025-03-24 11:55:18,701 - INFO - Measurements: Bill Length: 42.589171842727794mm, Bill Depth: 16.153400750139337mm, Flipper Length: 179.69861861784906mm, Body Mass: 3864.4108543520533g
2025-03-24 11:55:18,702 - INFO - Predicted Species: Chinstrap (Confidence: 57.00%)
2025-03-24 11:55:18,702 - INFO - Database Status: Successfully added with is_original = 1
